<?xml version="1.0" encoding="UTF-8"?>
<coverage generated="1667974265339" clover="3.2.0">
  <project timestamp="1667974265339" name="All files">
    <metrics statements="17" coveredstatements="17" conditionals="12" coveredconditionals="12" methods="3" coveredmethods="3" elements="32" coveredelements="32" complexity="0" loc="17" ncloc="17" packages="1" files="1" classes="1"/>
    <file name="index.js" path="/Users/romanusov/code/js_studies/hexlet-jest/src/index.js">
      <metrics statements="17" coveredstatements="17" conditionals="12" coveredconditionals="12" methods="3" coveredmethods="3"/>
      <line num="3" count="1" type="cond" truecount="2" falsecount="0"/>
      <line num="4" count="11" type="cond" truecount="2" falsecount="0"/>
      <line num="6" count="10" type="stmt"/>
      <line num="7" count="10" type="stmt"/>
      <line num="9" count="10" type="stmt"/>
      <line num="10" count="10" type="stmt"/>
      <line num="12" count="10" type="cond" truecount="2" falsecount="0"/>
      <line num="14" count="2" type="cond" truecount="2" falsecount="0"/>
      <line num="16" count="1" type="stmt"/>
      <line num="20" count="10" type="stmt"/>
      <line num="21" count="39" type="stmt"/>
      <line num="23" count="39" type="cond" truecount="2" falsecount="0"/>
      <line num="25" count="32" type="cond" truecount="2" falsecount="0"/>
      <line num="27" count="6" type="stmt"/>
      <line num="30" count="10" type="stmt"/>
      <line num="31" count="29" type="stmt"/>
      <line num="34" count="10" type="stmt"/>
    </file>
  </project>
</coverage>
