{"/Users/romanusov/code/js_studies/hexlet-jest/src/index.js": {"path":"/Users/romanusov/code/js_studies/hexlet-jest/src/index.js","statementMap":{"0":{"start":{"line":3,"column":13},"end":{"line":35,"column":1}},"1":{"start":{"line":4,"column":2},"end":{"line":4,"column":25}},"2":{"start":{"line":4,"column":13},"end":{"line":4,"column":25}},"3":{"start":{"line":6,"column":17},"end":{"line":6,"column":26}},"4":{"start":{"line":7,"column":21},"end":{"line":7,"column":32}},"5":{"start":{"line":9,"column":21},"end":{"line":17,"column":3}},"6":{"start":{"line":10,"column":19},"end":{"line":10,"column":30}},"7":{"start":{"line":12,"column":4},"end":{"line":12,"column":32}},"8":{"start":{"line":12,"column":19},"end":{"line":12,"column":32}},"9":{"start":{"line":14,"column":4},"end":{"line":14,"column":50}},"10":{"start":{"line":14,"column":28},"end":{"line":14,"column":50}},"11":{"start":{"line":16,"column":4},"end":{"line":16,"column":13}},"12":{"start":{"line":20,"column":19},"end":{"line":28,"column":3}},"13":{"start":{"line":21,"column":19},"end":{"line":21,"column":30}},"14":{"start":{"line":23,"column":4},"end":{"line":23,"column":35}},"15":{"start":{"line":23,"column":21},"end":{"line":23,"column":35}},"16":{"start":{"line":25,"column":4},"end":{"line":25,"column":27}},"17":{"start":{"line":25,"column":16},"end":{"line":25,"column":27}},"18":{"start":{"line":27,"column":4},"end":{"line":27,"column":24}},"19":{"start":{"line":30,"column":2},"end":{"line":32,"column":3}},"20":{"start":{"line":30,"column":15},"end":{"line":30,"column":38}},"21":{"start":{"line":31,"column":4},"end":{"line":31,"column":22}},"22":{"start":{"line":34,"column":2},"end":{"line":34,"column":16}}},"fnMap":{"0":{"name":"(anonymous_0)","decl":{"start":{"line":3,"column":13},"end":{"line":3,"column":14}},"loc":{"start":{"line":3,"column":60},"end":{"line":35,"column":1}},"line":3},"1":{"name":"(anonymous_1)","decl":{"start":{"line":9,"column":21},"end":{"line":9,"column":22}},"loc":{"start":{"line":9,"column":38},"end":{"line":17,"column":3}},"line":9},"2":{"name":"(anonymous_2)","decl":{"start":{"line":20,"column":19},"end":{"line":20,"column":20}},"loc":{"start":{"line":20,"column":34},"end":{"line":28,"column":3}},"line":20}},"branchMap":{"0":{"loc":{"start":{"line":3,"column":27},"end":{"line":3,"column":36}},"type":"default-arg","locations":[{"start":{"line":3,"column":35},"end":{"line":3,"column":36}}],"line":3},"1":{"loc":{"start":{"line":3,"column":38},"end":{"line":3,"column":55}},"type":"default-arg","locations":[{"start":{"line":3,"column":44},"end":{"line":3,"column":55}}],"line":3},"2":{"loc":{"start":{"line":4,"column":2},"end":{"line":4,"column":25}},"type":"if","locations":[{"start":{"line":4,"column":2},"end":{"line":4,"column":25}},{"start":{},"end":{}}],"line":4},"3":{"loc":{"start":{"line":12,"column":4},"end":{"line":12,"column":32}},"type":"if","locations":[{"start":{"line":12,"column":4},"end":{"line":12,"column":32}},{"start":{},"end":{}}],"line":12},"4":{"loc":{"start":{"line":14,"column":4},"end":{"line":14,"column":50}},"type":"if","locations":[{"start":{"line":14,"column":4},"end":{"line":14,"column":50}},{"start":{},"end":{}}],"line":14},"5":{"loc":{"start":{"line":23,"column":4},"end":{"line":23,"column":35}},"type":"if","locations":[{"start":{"line":23,"column":4},"end":{"line":23,"column":35}},{"start":{},"end":{}}],"line":23},"6":{"loc":{"start":{"line":25,"column":4},"end":{"line":25,"column":27}},"type":"if","locations":[{"start":{"line":25,"column":4},"end":{"line":25,"column":27}},{"start":{},"end":{}}],"line":25}},"s":{"0":1,"1":11,"2":1,"3":10,"4":10,"5":10,"6":10,"7":10,"8":8,"9":2,"10":1,"11":1,"12":10,"13":39,"14":39,"15":7,"16":32,"17":26,"18":6,"19":10,"20":10,"21":29,"22":10},"f":{"0":11,"1":10,"2":39},"b":{"0":[2],"1":[4],"2":[1,10],"3":[8,2],"4":[1,1],"5":[7,32],"6":[26,6]},"_coverageSchema":"1a1c01bbd47fc00a2c39e90264f33305004495a9","hash":"691be7339c959fcf382e05d2aac17b121d3efab3"}
}
