TN:
SF:src/index.js
FN:3,(anonymous_0)
FN:9,(anonymous_1)
FN:20,(anonymous_2)
FNF:3
FNH:3
FNDA:11,(anonymous_0)
FNDA:10,(anonymous_1)
FNDA:39,(anonymous_2)
DA:3,1
DA:4,11
DA:6,10
DA:7,10
DA:9,10
DA:10,10
DA:12,10
DA:14,2
DA:16,1
DA:20,10
DA:21,39
DA:23,39
DA:25,32
DA:27,6
DA:30,10
DA:31,29
DA:34,10
LF:17
LH:17
BRDA:3,0,0,2
BRDA:3,1,0,4
BRDA:4,2,0,1
BRDA:4,2,1,10
BRDA:12,3,0,8
BRDA:12,3,1,2
BRDA:14,4,0,1
BRDA:14,4,1,1
BRDA:23,5,0,7
BRDA:23,5,1,32
BRDA:25,6,0,26
BRDA:25,6,1,6
BRF:12
BRH:12
end_of_record
